CRITICAL - 2023-04-06 04:49:22 --> Argument 2 passed to view() must be of the type array, null given, called in E:\wamp\www\clnc\modules\Admin\Controllers\dashboard.php on line 19
in SYSTEMPATH\Common.php on line 1172.
 1 ROOTPATH\modules\Admin\Controllers\dashboard.php(19): view('Modules\\Admin\\Views\\Layout\\header', null)
 2 SYSTEMPATH\CodeIgniter.php(934): Modules\Admin\Controllers\Dashboard->index()
 3 SYSTEMPATH\CodeIgniter.php(499): CodeIgniter\CodeIgniter->runController(Object(Modules\Admin\Controllers\Dashboard))
 4 SYSTEMPATH\CodeIgniter.php(368): CodeIgniter\CodeIgniter->handleRequest(null, Object(Config\Cache), false)
 5 FCPATH\index.php(67): CodeIgniter\CodeIgniter->run()
CRITICAL - 2023-04-06 04:50:15 --> Argument 2 passed to view() must be of the type array, string given, called in E:\wamp\www\clnc\modules\Admin\Controllers\dashboard.php on line 20
in SYSTEMPATH\Common.php on line 1172.
 1 ROOTPATH\modules\Admin\Controllers\dashboard.php(20): view('Modules\\Admin\\Views\\Layout\\header', 'ROOTPATH\\public')
 2 SYSTEMPATH\CodeIgniter.php(934): Modules\Admin\Controllers\Dashboard->index()
 3 SYSTEMPATH\CodeIgniter.php(499): CodeIgniter\CodeIgniter->runController(Object(Modules\Admin\Controllers\Dashboard))
 4 SYSTEMPATH\CodeIgniter.php(368): CodeIgniter\CodeIgniter->handleRequest(null, Object(Config\Cache), false)
 5 FCPATH\index.php(67): CodeIgniter\CodeIgniter->run()
CRITICAL - 2023-04-06 04:51:20 --> Invalid file: "Modules\Admin\Views\Layout\dashboard.php"
in SYSTEMPATH\Exceptions\FrameworkException.php on line 33.
 1 SYSTEMPATH\View\View.php(201): CodeIgniter\Exceptions\FrameworkException::forInvalidFile('Modules\\Admin\\Views\\Layout\\dashboard.php')
 2 SYSTEMPATH\Common.php(1184): CodeIgniter\View\View->render('Modules\\Admin\\Views\\Layout\\dashboard', [], true)
 3 ROOTPATH\modules\Admin\Controllers\dashboard.php(22): view('Modules\\Admin\\Views\\Layout\\dashboard')
 4 SYSTEMPATH\CodeIgniter.php(934): Modules\Admin\Controllers\Dashboard->index()
 5 SYSTEMPATH\CodeIgniter.php(499): CodeIgniter\CodeIgniter->runController(Object(Modules\Admin\Controllers\Dashboard))
 6 SYSTEMPATH\CodeIgniter.php(368): CodeIgniter\CodeIgniter->handleRequest(null, Object(Config\Cache), false)
 7 FCPATH\index.php(67): CodeIgniter\CodeIgniter->run()
