CRITICAL - 2025-08-18 10:45:43 --> "coruipaggination" is not a valid Pager template.
in SYSTEMPATH\Pager\Pager.php on line 120.
 1 SYSTEMPATH\Pager\Pager.php(120): CodeIgniter\Pager\Exceptions\PagerException::forInvalidTemplate('coruipaggination')
 2 SYSTEMPATH\Pager\Pager.php(83): CodeIgniter\Pager\Pager->displayLinks('group1', 'coruipaggination')
 3 ROOTPATH\modules\Admin\Views\customerlistview.php(96): CodeIgniter\Pager\Pager->links('group1', 'coruipaggination')
 4 SYSTEMPATH\View\View.php(213): include('ROOTPATH\\modules\\Admin\\Views\\customerlistview.php')
 5 SYSTEMPATH\View\View.php(216): CodeIgniter\View\View->CodeIgniter\View\{closure}()
 6 SYSTEMPATH\Common.php(1184): CodeIgniter\View\View->render('Modules\\Admin\\Views\\customerlistview', [], true)
 7 ROOTPATH\modules\Admin\Controllers\customer.php(70): view('Modules\\Admin\\Views\\customerlistview', [...])
 8 SYSTEMPATH\CodeIgniter.php(934): Modules\Admin\Controllers\Customer->index()
 9 SYSTEMPATH\CodeIgniter.php(499): CodeIgniter\CodeIgniter->runController(Object(Modules\Admin\Controllers\Customer))
10 SYSTEMPATH\CodeIgniter.php(368): CodeIgniter\CodeIgniter->handleRequest(null, Object(Config\Cache), false)
11 FCPATH\index.php(67): CodeIgniter\CodeIgniter->run()
CRITICAL - 2025-08-18 10:53:50 --> Invalid file: "App\Views\Pager\coreui_paggination.php"
in SYSTEMPATH\Exceptions\FrameworkException.php on line 33.
 1 SYSTEMPATH\View\View.php(201): CodeIgniter\Exceptions\FrameworkException::forInvalidFile('App\\Views\\Pager\\coreui_paggination.php')
 2 SYSTEMPATH\Pager\Pager.php(126): CodeIgniter\View\View->render('App\\Views\\Pager\\coreui_paggination', null, false)
 3 SYSTEMPATH\Pager\Pager.php(83): CodeIgniter\Pager\Pager->displayLinks('group1', 'coreui_paggination')
 4 ROOTPATH\modules\Admin\Views\customerlistview.php(96): CodeIgniter\Pager\Pager->links('group1', 'coreui_paggination')
 5 SYSTEMPATH\View\View.php(213): include('ROOTPATH\\modules\\Admin\\Views\\customerlistview.php')
 6 SYSTEMPATH\View\View.php(216): CodeIgniter\View\View->CodeIgniter\View\{closure}()
 7 SYSTEMPATH\Common.php(1184): CodeIgniter\View\View->render('Modules\\Admin\\Views\\customerlistview', [], true)
 8 ROOTPATH\modules\Admin\Controllers\customer.php(70): view('Modules\\Admin\\Views\\customerlistview', [...])
 9 SYSTEMPATH\CodeIgniter.php(934): Modules\Admin\Controllers\Customer->index()
10 SYSTEMPATH\CodeIgniter.php(499): CodeIgniter\CodeIgniter->runController(Object(Modules\Admin\Controllers\Customer))
11 SYSTEMPATH\CodeIgniter.php(368): CodeIgniter\CodeIgniter->handleRequest(null, Object(Config\Cache), false)
12 FCPATH\index.php(67): CodeIgniter\CodeIgniter->run()
CRITICAL - 2025-08-18 10:55:15 --> Invalid file: "App\Views\Pager\coreui_paggination.php"
in SYSTEMPATH\Exceptions\FrameworkException.php on line 33.
 1 SYSTEMPATH\View\View.php(201): CodeIgniter\Exceptions\FrameworkException::forInvalidFile('App\\Views\\Pager\\coreui_paggination.php')
 2 SYSTEMPATH\Pager\Pager.php(126): CodeIgniter\View\View->render('App\\Views\\Pager\\coreui_paggination', null, false)
 3 SYSTEMPATH\Pager\Pager.php(83): CodeIgniter\Pager\Pager->displayLinks('group1', 'coreui_paggination')
 4 ROOTPATH\modules\Admin\Views\customerlistview.php(96): CodeIgniter\Pager\Pager->links('group1', 'coreui_paggination')
 5 SYSTEMPATH\View\View.php(213): include('ROOTPATH\\modules\\Admin\\Views\\customerlistview.php')
 6 SYSTEMPATH\View\View.php(216): CodeIgniter\View\View->CodeIgniter\View\{closure}()
 7 SYSTEMPATH\Common.php(1184): CodeIgniter\View\View->render('Modules\\Admin\\Views\\customerlistview', [], true)
 8 ROOTPATH\modules\Admin\Controllers\customer.php(70): view('Modules\\Admin\\Views\\customerlistview', [...])
 9 SYSTEMPATH\CodeIgniter.php(934): Modules\Admin\Controllers\Customer->index()
10 SYSTEMPATH\CodeIgniter.php(499): CodeIgniter\CodeIgniter->runController(Object(Modules\Admin\Controllers\Customer))
11 SYSTEMPATH\CodeIgniter.php(368): CodeIgniter\CodeIgniter->handleRequest(null, Object(Config\Cache), false)
12 FCPATH\index.php(67): CodeIgniter\CodeIgniter->run()
