CRITICAL - 2025-08-07 04:09:35 --> Use of undefined constant CI_VERSION - assumed 'CI_VERSION' (this will throw an Error in a future version of PHP)
in ROOTPATH\modules\Admin\Controllers\customer.php on line 34.
 1 ROOTPATH\modules\Admin\Controllers\customer.php(34): CodeIgniter\Debug\Exceptions->errorHandler(2, 'Use of undefined constant CI_VERSION - assumed \'CI_VERSION\' (this will throw an Error in a future version of PHP)', 'ROOTPATH\\modules\\Admin\\Controllers\\customer.php', 34, [...])
 2 SYSTEMPATH\CodeIgniter.php(934): Modules\Admin\Controllers\Customer->index()
 3 SYSTEMPATH\CodeIgniter.php(499): CodeIgniter\CodeIgniter->runController(Object(Modules\Admin\Controllers\Customer))
 4 SYSTEMPATH\CodeIgniter.php(368): CodeIgniter\CodeIgniter->handleRequest(null, Object(Config\Cache), false)
 5 FCPATH\index.php(67): CodeIgniter\CodeIgniter->run()
CRITICAL - 2025-08-07 04:09:57 --> Class 'Modules\Admin\Controllers\CodeIgniter\CodeIgniter' not found
in ROOTPATH\modules\Admin\Controllers\customer.php on line 34.
 1 SYSTEMPATH\CodeIgniter.php(934): Modules\Admin\Controllers\Customer->index()
 2 SYSTEMPATH\CodeIgniter.php(499): CodeIgniter\CodeIgniter->runController(Object(Modules\Admin\Controllers\Customer))
 3 SYSTEMPATH\CodeIgniter.php(368): CodeIgniter\CodeIgniter->handleRequest(null, Object(Config\Cache), false)
 4 FCPATH\index.php(67): CodeIgniter\CodeIgniter->run()
CRITICAL - 2025-08-07 04:23:19 --> Class 'Modules\Admin\Controllers\CodeIgniter\CodeIgniter' not found
in ROOTPATH\modules\Admin\Controllers\customer.php on line 39.
 1 SYSTEMPATH\CodeIgniter.php(934): Modules\Admin\Controllers\Customer->index()
 2 SYSTEMPATH\CodeIgniter.php(499): CodeIgniter\CodeIgniter->runController(Object(Modules\Admin\Controllers\Customer))
 3 SYSTEMPATH\CodeIgniter.php(368): CodeIgniter\CodeIgniter->handleRequest(null, Object(Config\Cache), false)
 4 FCPATH\index.php(67): CodeIgniter\CodeIgniter->run()
CRITICAL - 2025-08-07 04:23:20 --> Class 'Modules\Admin\Controllers\CodeIgniter\CodeIgniter' not found
in ROOTPATH\modules\Admin\Controllers\customer.php on line 39.
 1 SYSTEMPATH\CodeIgniter.php(934): Modules\Admin\Controllers\Customer->index()
 2 SYSTEMPATH\CodeIgniter.php(499): CodeIgniter\CodeIgniter->runController(Object(Modules\Admin\Controllers\Customer))
 3 SYSTEMPATH\CodeIgniter.php(368): CodeIgniter\CodeIgniter->handleRequest(null, Object(Config\Cache), false)
 4 FCPATH\index.php(67): CodeIgniter\CodeIgniter->run()
