CRITICAL - 2024-02-14 02:24:45 --> syntax error, unexpected 'echo' (T_ECHO), expecting ';' or ','
in ROOTPATH\modules\Admin\Controllers\profile.php on line 41.
 1 SYSTEMPATH\Autoloader\Autoloader.php(289): CodeIgniter\Autoloader\Autoloader->includeFile('ROOTPATH\\modules\\Admin\\Controllers\\profile.php')
 2 SYSTEMPATH\Autoloader\Autoloader.php(267): CodeIgniter\Autoloader\Autoloader->loadInNamespace('Modules\\Admin\\Controllers\\Profile')
 3 [internal function]: CodeIgniter\Autoloader\Autoloader->loadClass('Modules\\Admin\\Controllers\\Profile')
 4 [internal function]: spl_autoload_call('Modules\\Admin\\Controllers\\Profile')
 5 SYSTEMPATH\CodeIgniter.php(892): class_exists('\\Modules\\Admin\\Controllers\\Profile', true)
 6 SYSTEMPATH\CodeIgniter.php(486): CodeIgniter\CodeIgniter->startController()
 7 SYSTEMPATH\CodeIgniter.php(368): CodeIgniter\CodeIgniter->handleRequest(null, Object(Config\Cache), false)
 8 FCPATH\index.php(67): CodeIgniter\CodeIgniter->run()
CRITICAL - 2024-02-14 14:00:39 --> There is no data to update.
in SYSTEMPATH\BaseModel.php on line 1680.
 1 SYSTEMPATH\BaseModel.php(1680): CodeIgniter\Database\Exceptions\DataException::forEmptyDataset('update')
 2 SYSTEMPATH\BaseModel.php(910): CodeIgniter\BaseModel->transformDataToArray(null, 'update')
 3 SYSTEMPATH\Model.php(756): CodeIgniter\BaseModel->update([...], null)
 4 ROOTPATH\modules\Admin\Controllers\profile.php(51): CodeIgniter\Model->update([...])
 5 SYSTEMPATH\CodeIgniter.php(934): Modules\Admin\Controllers\Profile->updateprofile('1')
 6 SYSTEMPATH\CodeIgniter.php(499): CodeIgniter\CodeIgniter->runController(Object(Modules\Admin\Controllers\Profile))
 7 SYSTEMPATH\CodeIgniter.php(368): CodeIgniter\CodeIgniter->handleRequest(null, Object(Config\Cache), false)
 8 FCPATH\index.php(67): CodeIgniter\CodeIgniter->run()
CRITICAL - 2024-02-14 14:01:31 --> There is no data to update.
in SYSTEMPATH\BaseModel.php on line 1680.
 1 SYSTEMPATH\BaseModel.php(1680): CodeIgniter\Database\Exceptions\DataException::forEmptyDataset('update')
 2 SYSTEMPATH\BaseModel.php(910): CodeIgniter\BaseModel->transformDataToArray(null, 'update')
 3 SYSTEMPATH\Model.php(756): CodeIgniter\BaseModel->update([...], null)
 4 ROOTPATH\modules\Admin\Controllers\profile.php(52): CodeIgniter\Model->update([...])
 5 SYSTEMPATH\CodeIgniter.php(934): Modules\Admin\Controllers\Profile->updateprofile('1')
 6 SYSTEMPATH\CodeIgniter.php(499): CodeIgniter\CodeIgniter->runController(Object(Modules\Admin\Controllers\Profile))
 7 SYSTEMPATH\CodeIgniter.php(368): CodeIgniter\CodeIgniter->handleRequest(null, Object(Config\Cache), false)
 8 FCPATH\index.php(67): CodeIgniter\CodeIgniter->run()
CRITICAL - 2024-02-14 14:01:52 --> There is no data to update.
in SYSTEMPATH\BaseModel.php on line 1680.
 1 SYSTEMPATH\BaseModel.php(1680): CodeIgniter\Database\Exceptions\DataException::forEmptyDataset('update')
 2 SYSTEMPATH\BaseModel.php(910): CodeIgniter\BaseModel->transformDataToArray(null, 'update')
 3 SYSTEMPATH\Model.php(756): CodeIgniter\BaseModel->update([...], null)
 4 ROOTPATH\modules\Admin\Controllers\profile.php(52): CodeIgniter\Model->update([...])
 5 SYSTEMPATH\CodeIgniter.php(934): Modules\Admin\Controllers\Profile->updateprofile('1')
 6 SYSTEMPATH\CodeIgniter.php(499): CodeIgniter\CodeIgniter->runController(Object(Modules\Admin\Controllers\Profile))
 7 SYSTEMPATH\CodeIgniter.php(368): CodeIgniter\CodeIgniter->handleRequest(null, Object(Config\Cache), false)
 8 FCPATH\index.php(67): CodeIgniter\CodeIgniter->run()
CRITICAL - 2024-02-14 14:04:51 --> There is no data to update.
in SYSTEMPATH\BaseModel.php on line 1680.
 1 SYSTEMPATH\BaseModel.php(1680): CodeIgniter\Database\Exceptions\DataException::forEmptyDataset('update')
 2 SYSTEMPATH\BaseModel.php(910): CodeIgniter\BaseModel->transformDataToArray(null, 'update')
 3 SYSTEMPATH\Model.php(756): CodeIgniter\BaseModel->update([...], null)
 4 ROOTPATH\modules\Admin\Controllers\profile.php(54): CodeIgniter\Model->update([...])
 5 SYSTEMPATH\CodeIgniter.php(934): Modules\Admin\Controllers\Profile->updateprofile('1')
 6 SYSTEMPATH\CodeIgniter.php(499): CodeIgniter\CodeIgniter->runController(Object(Modules\Admin\Controllers\Profile))
 7 SYSTEMPATH\CodeIgniter.php(368): CodeIgniter\CodeIgniter->handleRequest(null, Object(Config\Cache), false)
 8 FCPATH\index.php(67): CodeIgniter\CodeIgniter->run()
CRITICAL - 2024-02-14 14:35:29 --> There is no data to update.
in SYSTEMPATH\BaseModel.php on line 1680.
 1 SYSTEMPATH\BaseModel.php(1680): CodeIgniter\Database\Exceptions\DataException::forEmptyDataset('update')
 2 SYSTEMPATH\BaseModel.php(910): CodeIgniter\BaseModel->transformDataToArray(null, 'update')
 3 SYSTEMPATH\Model.php(756): CodeIgniter\BaseModel->update([...], null)
 4 ROOTPATH\modules\Admin\Controllers\profile.php(54): CodeIgniter\Model->update([...])
 5 SYSTEMPATH\CodeIgniter.php(934): Modules\Admin\Controllers\Profile->updateprofile('1')
 6 SYSTEMPATH\CodeIgniter.php(499): CodeIgniter\CodeIgniter->runController(Object(Modules\Admin\Controllers\Profile))
 7 SYSTEMPATH\CodeIgniter.php(368): CodeIgniter\CodeIgniter->handleRequest(null, Object(Config\Cache), false)
 8 FCPATH\index.php(67): CodeIgniter\CodeIgniter->run()
CRITICAL - 2024-02-14 17:00:24 --> There is no data to update.
in SYSTEMPATH\BaseModel.php on line 1680.
 1 SYSTEMPATH\BaseModel.php(1680): CodeIgniter\Database\Exceptions\DataException::forEmptyDataset('update')
 2 SYSTEMPATH\BaseModel.php(910): CodeIgniter\BaseModel->transformDataToArray(null, 'update')
 3 SYSTEMPATH\Model.php(756): CodeIgniter\BaseModel->update([...], null)
 4 ROOTPATH\modules\Admin\Controllers\profile.php(54): CodeIgniter\Model->update([...])
 5 SYSTEMPATH\CodeIgniter.php(934): Modules\Admin\Controllers\Profile->updateprofile('1')
 6 SYSTEMPATH\CodeIgniter.php(499): CodeIgniter\CodeIgniter->runController(Object(Modules\Admin\Controllers\Profile))
 7 SYSTEMPATH\CodeIgniter.php(368): CodeIgniter\CodeIgniter->handleRequest(null, Object(Config\Cache), false)
 8 FCPATH\index.php(67): CodeIgniter\CodeIgniter->run()
CRITICAL - 2024-02-14 17:30:41 --> There is no data to update.
in SYSTEMPATH\BaseModel.php on line 1680.
 1 SYSTEMPATH\BaseModel.php(1680): CodeIgniter\Database\Exceptions\DataException::forEmptyDataset('update')
 2 SYSTEMPATH\BaseModel.php(910): CodeIgniter\BaseModel->transformDataToArray(null, 'update')
 3 SYSTEMPATH\Model.php(756): CodeIgniter\BaseModel->update([...], null)
 4 ROOTPATH\modules\Admin\Controllers\profile.php(54): CodeIgniter\Model->update([...])
 5 SYSTEMPATH\CodeIgniter.php(934): Modules\Admin\Controllers\Profile->updateprofile('1')
 6 SYSTEMPATH\CodeIgniter.php(499): CodeIgniter\CodeIgniter->runController(Object(Modules\Admin\Controllers\Profile))
 7 SYSTEMPATH\CodeIgniter.php(368): CodeIgniter\CodeIgniter->handleRequest(null, Object(Config\Cache), false)
 8 FCPATH\index.php(67): CodeIgniter\CodeIgniter->run()
CRITICAL - 2024-02-14 17:30:50 --> There is no data to update.
in SYSTEMPATH\BaseModel.php on line 1680.
 1 SYSTEMPATH\BaseModel.php(1680): CodeIgniter\Database\Exceptions\DataException::forEmptyDataset('update')
 2 SYSTEMPATH\BaseModel.php(910): CodeIgniter\BaseModel->transformDataToArray(null, 'update')
 3 SYSTEMPATH\Model.php(756): CodeIgniter\BaseModel->update([...], null)
 4 ROOTPATH\modules\Admin\Controllers\profile.php(54): CodeIgniter\Model->update([...])
 5 SYSTEMPATH\CodeIgniter.php(934): Modules\Admin\Controllers\Profile->updateprofile('1')
 6 SYSTEMPATH\CodeIgniter.php(499): CodeIgniter\CodeIgniter->runController(Object(Modules\Admin\Controllers\Profile))
 7 SYSTEMPATH\CodeIgniter.php(368): CodeIgniter\CodeIgniter->handleRequest(null, Object(Config\Cache), false)
 8 FCPATH\index.php(67): CodeIgniter\CodeIgniter->run()
CRITICAL - 2024-02-14 17:33:01 --> There is no data to update.
in SYSTEMPATH\BaseModel.php on line 1680.
 1 SYSTEMPATH\BaseModel.php(1680): CodeIgniter\Database\Exceptions\DataException::forEmptyDataset('update')
 2 SYSTEMPATH\BaseModel.php(910): CodeIgniter\BaseModel->transformDataToArray(null, 'update')
 3 SYSTEMPATH\Model.php(756): CodeIgniter\BaseModel->update([...], null)
 4 ROOTPATH\modules\Admin\Controllers\profile.php(54): CodeIgniter\Model->update([...])
 5 SYSTEMPATH\CodeIgniter.php(934): Modules\Admin\Controllers\Profile->updateprofile('1')
 6 SYSTEMPATH\CodeIgniter.php(499): CodeIgniter\CodeIgniter->runController(Object(Modules\Admin\Controllers\Profile))
 7 SYSTEMPATH\CodeIgniter.php(368): CodeIgniter\CodeIgniter->handleRequest(null, Object(Config\Cache), false)
 8 FCPATH\index.php(67): CodeIgniter\CodeIgniter->run()
CRITICAL - 2024-02-14 17:34:13 --> There is no data to update.
in SYSTEMPATH\BaseModel.php on line 1680.
 1 SYSTEMPATH\BaseModel.php(1680): CodeIgniter\Database\Exceptions\DataException::forEmptyDataset('update')
 2 SYSTEMPATH\BaseModel.php(910): CodeIgniter\BaseModel->transformDataToArray(null, 'update')
 3 SYSTEMPATH\Model.php(756): CodeIgniter\BaseModel->update([...], null)
 4 ROOTPATH\modules\Admin\Controllers\profile.php(54): CodeIgniter\Model->update([...])
 5 SYSTEMPATH\CodeIgniter.php(934): Modules\Admin\Controllers\Profile->updateprofile('1')
 6 SYSTEMPATH\CodeIgniter.php(499): CodeIgniter\CodeIgniter->runController(Object(Modules\Admin\Controllers\Profile))
 7 SYSTEMPATH\CodeIgniter.php(368): CodeIgniter\CodeIgniter->handleRequest(null, Object(Config\Cache), false)
 8 FCPATH\index.php(67): CodeIgniter\CodeIgniter->run()
ERROR - 2024-02-14 17:38:30 --> mysqli_sql_exception: Unknown column 'email' in 'field list' in E:\wamp\www\clnc\vendor\codeigniter4\framework\system\Database\MySQLi\Connection.php:295
Stack trace:
#0 E:\wamp\www\clnc\vendor\codeigniter4\framework\system\Database\MySQLi\Connection.php(295): mysqli->query('UPDATE `userdet...', 0)
#1 E:\wamp\www\clnc\vendor\codeigniter4\framework\system\Database\BaseConnection.php(691): CodeIgniter\Database\MySQLi\Connection->execute('UPDATE `userdet...')
#2 E:\wamp\www\clnc\vendor\codeigniter4\framework\system\Database\BaseConnection.php(605): CodeIgniter\Database\BaseConnection->simpleQuery('UPDATE `userdet...')
#3 E:\wamp\www\clnc\vendor\codeigniter4\framework\system\Database\BaseBuilder.php(2476): CodeIgniter\Database\BaseConnection->query('UPDATE `userdet...', Array, false)
#4 E:\wamp\www\clnc\vendor\codeigniter4\framework\system\Model.php(396): CodeIgniter\Database\BaseBuilder->update()
#5 E:\wamp\www\clnc\vendor\codeigniter4\framework\system\BaseModel.php(943): CodeIgniter\Model->doUpdate(NULL, Array)
#6 E:\wamp\www\clnc\vendor\codeigniter4\framework\system\Model.php(756): CodeIgniter\BaseModel->update(NULL, Array)
#7 E:\wamp\www\clnc\modules\Admin\Controllers\profile.php(53): CodeIgniter\Model->update()
#8 E:\wamp\www\clnc\vendor\codeigniter4\framework\system\CodeIgniter.php(934): Modules\Admin\Controllers\Profile->updateprofile('1')
#9 E:\wamp\www\clnc\vendor\codeigniter4\framework\system\CodeIgniter.php(499): CodeIgniter\CodeIgniter->runController(Object(Modules\Admin\Controllers\Profile))
#10 E:\wamp\www\clnc\vendor\codeigniter4\framework\system\CodeIgniter.php(368): CodeIgniter\CodeIgniter->handleRequest(NULL, Object(Config\Cache), false)
#11 E:\wamp\www\clnc\public\index.php(67): CodeIgniter\CodeIgniter->run()
#12 {main}
CRITICAL - 2024-02-14 17:38:30 --> Unknown column 'email' in 'field list'
in SYSTEMPATH\Database\BaseConnection.php on line 645.
 1 SYSTEMPATH\Database\BaseBuilder.php(2476): CodeIgniter\Database\BaseConnection->query('UPDATE `userdetail` SET `email` = :email:, `mobile` = :mobile:, `address1` = :address1:
WHERE `userdetailid` = :userdetailid:', [...], false)
 2 SYSTEMPATH\Model.php(396): CodeIgniter\Database\BaseBuilder->update()
 3 SYSTEMPATH\BaseModel.php(943): CodeIgniter\Model->doUpdate(null, [...])
 4 SYSTEMPATH\Model.php(756): CodeIgniter\BaseModel->update(null, [...])
 5 ROOTPATH\modules\Admin\Controllers\profile.php(53): CodeIgniter\Model->update()
 6 SYSTEMPATH\CodeIgniter.php(934): Modules\Admin\Controllers\Profile->updateprofile('1')
 7 SYSTEMPATH\CodeIgniter.php(499): CodeIgniter\CodeIgniter->runController(Object(Modules\Admin\Controllers\Profile))
 8 SYSTEMPATH\CodeIgniter.php(368): CodeIgniter\CodeIgniter->handleRequest(null, Object(Config\Cache), false)
 9 FCPATH\index.php(67): CodeIgniter\CodeIgniter->run()
CRITICAL - 2024-02-14 17:43:36 --> Allowed fields must be specified for model: "Modules\Admin\Models\UserdetailModel"
in SYSTEMPATH\BaseModel.php on line 1242.
 1 SYSTEMPATH\BaseModel.php(1242): CodeIgniter\Database\Exceptions\DataException::forInvalidAllowedFields('Modules\\Admin\\Models\\UserdetailModel')
 2 SYSTEMPATH\BaseModel.php(919): CodeIgniter\BaseModel->doProtectFields([...])
 3 SYSTEMPATH\Model.php(756): CodeIgniter\BaseModel->update(null, [...])
 4 ROOTPATH\modules\Admin\Controllers\profile.php(53): CodeIgniter\Model->update()
 5 SYSTEMPATH\CodeIgniter.php(934): Modules\Admin\Controllers\Profile->updateprofile('1')
 6 SYSTEMPATH\CodeIgniter.php(499): CodeIgniter\CodeIgniter->runController(Object(Modules\Admin\Controllers\Profile))
 7 SYSTEMPATH\CodeIgniter.php(368): CodeIgniter\CodeIgniter->handleRequest(null, Object(Config\Cache), false)
 8 FCPATH\index.php(67): CodeIgniter\CodeIgniter->run()
