CRITICAL - 2025-08-08 13:59:47 --> Cannot use isset() on the result of an expression (you can use "null !== expression" instead)
in ROOTPATH\modules\Admin\Controllers\customer.php on line 28.
 1 [internal function]: CodeIgniter\Debug\Exceptions->shutdownHandler()
CRITICAL - 2025-08-08 14:15:49 --> Assignments can only happen to writable values
in ROOTPATH\modules\Admin\Controllers\customer.php on line 33.
 1 [internal function]: CodeIgniter\Debug\Exceptions->shutdownHandler()
ERROR - 2025-08-08 14:37:50 --> mysqli_sql_exception: Unknown column 'mobile1' in 'where clause' in D:\wamp64\www\clnc\vendor\codeigniter4\framework\system\Database\MySQLi\Connection.php:295
Stack trace:
#0 D:\wamp64\www\clnc\vendor\codeigniter4\framework\system\Database\MySQLi\Connection.php(295): mysqli->query('SELECT COUNT(*)...', 0)
#1 D:\wamp64\www\clnc\vendor\codeigniter4\framework\system\Database\BaseConnection.php(691): CodeIgniter\Database\MySQLi\Connection->execute('SELECT COUNT(*)...')
#2 D:\wamp64\www\clnc\vendor\codeigniter4\framework\system\Database\BaseConnection.php(605): CodeIgniter\Database\BaseConnection->simpleQuery('SELECT COUNT(*)...')
#3 D:\wamp64\www\clnc\vendor\codeigniter4\framework\system\Database\BaseBuilder.php(1700): CodeIgniter\Database\BaseConnection->query('SELECT COUNT(*)...', Array, false)
#4 D:\wamp64\www\clnc\vendor\codeigniter4\framework\system\Model.php(606): CodeIgniter\Database\BaseBuilder->countAllResults(false)
#5 D:\wamp64\www\clnc\vendor\codeigniter4\framework\system\BaseModel.php(1188): CodeIgniter\Model->countAllResults(false)
#6 D:\wamp64\www\clnc\modules\Admin\Controllers\customer.php(56): CodeIgniter\BaseModel->paginate(3, 'group1', 1, 3)
#7 D:\wamp64\www\clnc\vendor\codeigniter4\framework\system\CodeIgniter.php(934): Modules\Admin\Controllers\Customer->index()
#8 D:\wamp64\www\clnc\vendor\codeigniter4\framework\system\CodeIgniter.php(499): CodeIgniter\CodeIgniter->runController(Object(Modules\Admin\Controllers\Customer))
#9 D:\wamp64\www\clnc\vendor\codeigniter4\framework\system\CodeIgniter.php(368): CodeIgniter\CodeIgniter->handleRequest(NULL, Object(Config\Cache), false)
#10 D:\wamp64\www\clnc\public\index.php(67): CodeIgniter\CodeIgniter->run()
#11 {main}
CRITICAL - 2025-08-08 14:37:50 --> Unknown column 'mobile1' in 'where clause'
in SYSTEMPATH\Database\BaseConnection.php on line 645.
 1 SYSTEMPATH\Database\BaseBuilder.php(1700): CodeIgniter\Database\BaseConnection->query('SELECT COUNT(*) AS `numrows`
FROM `customermaster`
WHERE `mobile1` = :mobile1:
AND `mobile2` = :mobile2:
AND `email` = :email:
AND `userid` = :userid:
AND `firmid` = :firmid:
AND  `customername` LIKE :customername: ESCAPE \'!\'', [...], false)
 2 SYSTEMPATH\Model.php(606): CodeIgniter\Database\BaseBuilder->countAllResults(false)
 3 SYSTEMPATH\BaseModel.php(1188): CodeIgniter\Model->countAllResults(false)
 4 ROOTPATH\modules\Admin\Controllers\customer.php(56): CodeIgniter\BaseModel->paginate(3, 'group1', 1, 3)
 5 SYSTEMPATH\CodeIgniter.php(934): Modules\Admin\Controllers\Customer->index()
 6 SYSTEMPATH\CodeIgniter.php(499): CodeIgniter\CodeIgniter->runController(Object(Modules\Admin\Controllers\Customer))
 7 SYSTEMPATH\CodeIgniter.php(368): CodeIgniter\CodeIgniter->handleRequest(null, Object(Config\Cache), false)
 8 FCPATH\index.php(67): CodeIgniter\CodeIgniter->run()
