CRITICAL - 2023-03-08 13:14:55 --> Undefined property: Modules\Auth\Controllers\Login::$load
in ROOTPATH\modules\Auth\Controllers\Login.php on line 13.
 1 ROOTPATH\modules\Auth\Controllers\Login.php(13): CodeIgniter\Debug\Exceptions->errorHandler(2, 'Undefined property: Modules\\Auth\\Controllers\\Login::$load', 'ROOTPATH\\modules\\Auth\\Controllers\\Login.php', 13)
 2 SYSTEMPATH\CodeIgniter.php(934): Modules\Auth\Controllers\Login->index()
 3 SYSTEMPATH\CodeIgniter.php(499): CodeIgniter\CodeIgniter->runController(Object(Modules\Auth\Controllers\Login))
 4 SYSTEMPATH\CodeIgniter.php(368): CodeIgniter\CodeIgniter->handleRequest(null, Object(Config\Cache), false)
 5 FCPATH\index.php(67): CodeIgniter\CodeIgniter->run()
 6 SYSTEMPATH\Commands\Server\rewrite.php(47): require_once('FCPATH\\index.php')
CRITICAL - 2023-03-08 13:15:14 --> Undefined property: Modules\Auth\Controllers\Login::$load
in ROOTPATH\modules\Auth\Controllers\Login.php on line 13.
 1 ROOTPATH\modules\Auth\Controllers\Login.php(13): CodeIgniter\Debug\Exceptions->errorHandler(2, 'Undefined property: Modules\\Auth\\Controllers\\Login::$load', 'ROOTPATH\\modules\\Auth\\Controllers\\Login.php', 13)
 2 SYSTEMPATH\CodeIgniter.php(934): Modules\Auth\Controllers\Login->index()
 3 SYSTEMPATH\CodeIgniter.php(499): CodeIgniter\CodeIgniter->runController(Object(Modules\Auth\Controllers\Login))
 4 SYSTEMPATH\CodeIgniter.php(368): CodeIgniter\CodeIgniter->handleRequest(null, Object(Config\Cache), false)
 5 FCPATH\index.php(67): CodeIgniter\CodeIgniter->run()
 6 SYSTEMPATH\Commands\Server\rewrite.php(47): require_once('FCPATH\\index.php')
CRITICAL - 2023-03-08 13:15:16 --> Undefined property: Modules\Auth\Controllers\Login::$load
in ROOTPATH\modules\Auth\Controllers\Login.php on line 13.
 1 ROOTPATH\modules\Auth\Controllers\Login.php(13): CodeIgniter\Debug\Exceptions->errorHandler(2, 'Undefined property: Modules\\Auth\\Controllers\\Login::$load', 'ROOTPATH\\modules\\Auth\\Controllers\\Login.php', 13)
 2 SYSTEMPATH\CodeIgniter.php(934): Modules\Auth\Controllers\Login->index()
 3 SYSTEMPATH\CodeIgniter.php(499): CodeIgniter\CodeIgniter->runController(Object(Modules\Auth\Controllers\Login))
 4 SYSTEMPATH\CodeIgniter.php(368): CodeIgniter\CodeIgniter->handleRequest(null, Object(Config\Cache), false)
 5 FCPATH\index.php(67): CodeIgniter\CodeIgniter->run()
 6 SYSTEMPATH\Commands\Server\rewrite.php(47): require_once('FCPATH\\index.php')
CRITICAL - 2023-03-08 13:15:26 --> Undefined property: Modules\Auth\Controllers\Login::$load
in ROOTPATH\modules\Auth\Controllers\Login.php on line 13.
 1 ROOTPATH\modules\Auth\Controllers\Login.php(13): CodeIgniter\Debug\Exceptions->errorHandler(2, 'Undefined property: Modules\\Auth\\Controllers\\Login::$load', 'ROOTPATH\\modules\\Auth\\Controllers\\Login.php', 13)
 2 SYSTEMPATH\CodeIgniter.php(934): Modules\Auth\Controllers\Login->index()
 3 SYSTEMPATH\CodeIgniter.php(499): CodeIgniter\CodeIgniter->runController(Object(Modules\Auth\Controllers\Login))
 4 SYSTEMPATH\CodeIgniter.php(368): CodeIgniter\CodeIgniter->handleRequest(null, Object(Config\Cache), false)
 5 FCPATH\index.php(67): CodeIgniter\CodeIgniter->run()
 6 SYSTEMPATH\Commands\Server\rewrite.php(47): require_once('FCPATH\\index.php')
CRITICAL - 2023-03-08 13:16:52 --> Undefined variable $baseurl
in ROOTPATH\modules\Auth\Views\Layout\header.php on line 2.
 1 ROOTPATH\modules\Auth\Views\Layout\header.php(2): CodeIgniter\Debug\Exceptions->errorHandler(2, 'Undefined variable $baseurl', 'ROOTPATH\\modules\\Auth\\Views\\Layout\\header.php', 2)
 2 SYSTEMPATH\View\View.php(213): include('ROOTPATH\\modules\\Auth\\Views\\Layout\\header.php')
 3 SYSTEMPATH\View\View.php(216): CodeIgniter\View\View->CodeIgniter\View\{closure}()
 4 SYSTEMPATH\Common.php(1184): CodeIgniter\View\View->render('Modules\\Auth\\Views\\Layout\\header', [], true)
 5 ROOTPATH\modules\Auth\Controllers\Login.php(12): view('Modules\\Auth\\Views\\Layout\\header')
 6 SYSTEMPATH\CodeIgniter.php(934): Modules\Auth\Controllers\Login->index()
 7 SYSTEMPATH\CodeIgniter.php(499): CodeIgniter\CodeIgniter->runController(Object(Modules\Auth\Controllers\Login))
 8 SYSTEMPATH\CodeIgniter.php(368): CodeIgniter\CodeIgniter->handleRequest(null, Object(Config\Cache), false)
 9 FCPATH\index.php(67): CodeIgniter\CodeIgniter->run()
10 SYSTEMPATH\Commands\Server\rewrite.php(47): require_once('FCPATH\\index.php')
CRITICAL - 2023-03-08 13:17:29 --> Undefined variable $baseurl
in ROOTPATH\modules\Auth\Views\Layout\header.php on line 2.
 1 ROOTPATH\modules\Auth\Views\Layout\header.php(2): CodeIgniter\Debug\Exceptions->errorHandler(2, 'Undefined variable $baseurl', 'ROOTPATH\\modules\\Auth\\Views\\Layout\\header.php', 2)
 2 SYSTEMPATH\View\View.php(213): include('ROOTPATH\\modules\\Auth\\Views\\Layout\\header.php')
 3 SYSTEMPATH\View\View.php(216): CodeIgniter\View\View->CodeIgniter\View\{closure}()
 4 SYSTEMPATH\Common.php(1184): CodeIgniter\View\View->render('Modules\\Auth\\Views\\Layout\\header', [], true)
 5 ROOTPATH\modules\Auth\Controllers\Login.php(12): view('Modules\\Auth\\Views\\Layout\\header')
 6 SYSTEMPATH\CodeIgniter.php(934): Modules\Auth\Controllers\Login->index()
 7 SYSTEMPATH\CodeIgniter.php(499): CodeIgniter\CodeIgniter->runController(Object(Modules\Auth\Controllers\Login))
 8 SYSTEMPATH\CodeIgniter.php(368): CodeIgniter\CodeIgniter->handleRequest(null, Object(Config\Cache), false)
 9 FCPATH\index.php(67): CodeIgniter\CodeIgniter->run()
10 SYSTEMPATH\Commands\Server\rewrite.php(47): require_once('FCPATH\\index.php')
CRITICAL - 2023-03-08 13:17:30 --> Undefined variable $baseurl
in ROOTPATH\modules\Auth\Views\Layout\header.php on line 2.
 1 ROOTPATH\modules\Auth\Views\Layout\header.php(2): CodeIgniter\Debug\Exceptions->errorHandler(2, 'Undefined variable $baseurl', 'ROOTPATH\\modules\\Auth\\Views\\Layout\\header.php', 2)
 2 SYSTEMPATH\View\View.php(213): include('ROOTPATH\\modules\\Auth\\Views\\Layout\\header.php')
 3 SYSTEMPATH\View\View.php(216): CodeIgniter\View\View->CodeIgniter\View\{closure}()
 4 SYSTEMPATH\Common.php(1184): CodeIgniter\View\View->render('Modules\\Auth\\Views\\Layout\\header', [], true)
 5 ROOTPATH\modules\Auth\Controllers\Login.php(12): view('Modules\\Auth\\Views\\Layout\\header')
 6 SYSTEMPATH\CodeIgniter.php(934): Modules\Auth\Controllers\Login->index()
 7 SYSTEMPATH\CodeIgniter.php(499): CodeIgniter\CodeIgniter->runController(Object(Modules\Auth\Controllers\Login))
 8 SYSTEMPATH\CodeIgniter.php(368): CodeIgniter\CodeIgniter->handleRequest(null, Object(Config\Cache), false)
 9 FCPATH\index.php(67): CodeIgniter\CodeIgniter->run()
10 SYSTEMPATH\Commands\Server\rewrite.php(47): require_once('FCPATH\\index.php')
CRITICAL - 2023-03-08 13:18:12 --> Undefined variable $baseurl
in ROOTPATH\modules\Auth\Views\header.php on line 2.
 1 ROOTPATH\modules\Auth\Views\header.php(2): CodeIgniter\Debug\Exceptions->errorHandler(2, 'Undefined variable $baseurl', 'ROOTPATH\\modules\\Auth\\Views\\header.php', 2)
 2 SYSTEMPATH\View\View.php(213): include('ROOTPATH\\modules\\Auth\\Views\\header.php')
 3 SYSTEMPATH\View\View.php(216): CodeIgniter\View\View->CodeIgniter\View\{closure}()
 4 SYSTEMPATH\Common.php(1184): CodeIgniter\View\View->render('Modules\\Auth\\Views\\header', [], true)
 5 ROOTPATH\modules\Auth\Controllers\Login.php(12): view('Modules\\Auth\\Views\\header')
 6 SYSTEMPATH\CodeIgniter.php(934): Modules\Auth\Controllers\Login->index()
 7 SYSTEMPATH\CodeIgniter.php(499): CodeIgniter\CodeIgniter->runController(Object(Modules\Auth\Controllers\Login))
 8 SYSTEMPATH\CodeIgniter.php(368): CodeIgniter\CodeIgniter->handleRequest(null, Object(Config\Cache), false)
 9 FCPATH\index.php(67): CodeIgniter\CodeIgniter->run()
10 SYSTEMPATH\Commands\Server\rewrite.php(47): require_once('FCPATH\\index.php')
CRITICAL - 2023-03-08 13:18:13 --> Undefined variable $baseurl
in ROOTPATH\modules\Auth\Views\header.php on line 2.
 1 ROOTPATH\modules\Auth\Views\header.php(2): CodeIgniter\Debug\Exceptions->errorHandler(2, 'Undefined variable $baseurl', 'ROOTPATH\\modules\\Auth\\Views\\header.php', 2)
 2 SYSTEMPATH\View\View.php(213): include('ROOTPATH\\modules\\Auth\\Views\\header.php')
 3 SYSTEMPATH\View\View.php(216): CodeIgniter\View\View->CodeIgniter\View\{closure}()
 4 SYSTEMPATH\Common.php(1184): CodeIgniter\View\View->render('Modules\\Auth\\Views\\header', [], true)
 5 ROOTPATH\modules\Auth\Controllers\Login.php(12): view('Modules\\Auth\\Views\\header')
 6 SYSTEMPATH\CodeIgniter.php(934): Modules\Auth\Controllers\Login->index()
 7 SYSTEMPATH\CodeIgniter.php(499): CodeIgniter\CodeIgniter->runController(Object(Modules\Auth\Controllers\Login))
 8 SYSTEMPATH\CodeIgniter.php(368): CodeIgniter\CodeIgniter->handleRequest(null, Object(Config\Cache), false)
 9 FCPATH\index.php(67): CodeIgniter\CodeIgniter->run()
10 SYSTEMPATH\Commands\Server\rewrite.php(47): require_once('FCPATH\\index.php')
CRITICAL - 2023-03-08 13:19:15 --> Invalid file: "Modules\Auth\Views\header.php"
in SYSTEMPATH\Exceptions\FrameworkException.php on line 33.
 1 SYSTEMPATH\View\View.php(201): CodeIgniter\Exceptions\FrameworkException::forInvalidFile('Modules\\Auth\\Views\\header.php')
 2 SYSTEMPATH\Common.php(1184): CodeIgniter\View\View->render('Modules\\Auth\\Views\\header', [], true)
 3 ROOTPATH\modules\Auth\Controllers\Login.php(12): view('Modules\\Auth\\Views\\header')
 4 SYSTEMPATH\CodeIgniter.php(934): Modules\Auth\Controllers\Login->index()
 5 SYSTEMPATH\CodeIgniter.php(499): CodeIgniter\CodeIgniter->runController(Object(Modules\Auth\Controllers\Login))
 6 SYSTEMPATH\CodeIgniter.php(368): CodeIgniter\CodeIgniter->handleRequest(null, Object(Config\Cache), false)
 7 FCPATH\index.php(67): CodeIgniter\CodeIgniter->run()
 8 SYSTEMPATH\Commands\Server\rewrite.php(47): require_once('FCPATH\\index.php')
CRITICAL - 2023-03-08 13:28:55 --> Invalid file: "Modules\Common\Layouts\header.php"
in SYSTEMPATH\Exceptions\FrameworkException.php on line 33.
 1 SYSTEMPATH\View\View.php(201): CodeIgniter\Exceptions\FrameworkException::forInvalidFile('Modules\\Common\\Layouts\\header.php')
 2 SYSTEMPATH\Common.php(1184): CodeIgniter\View\View->render('Modules\\Common\\Layouts\\header', [], true)
 3 ROOTPATH\modules\Auth\Controllers\Login.php(12): view('Modules\\Common\\Layouts\\header')
 4 SYSTEMPATH\CodeIgniter.php(934): Modules\Auth\Controllers\Login->index()
 5 SYSTEMPATH\CodeIgniter.php(499): CodeIgniter\CodeIgniter->runController(Object(Modules\Auth\Controllers\Login))
 6 SYSTEMPATH\CodeIgniter.php(368): CodeIgniter\CodeIgniter->handleRequest(null, Object(Config\Cache), false)
 7 FCPATH\index.php(67): CodeIgniter\CodeIgniter->run()
 8 SYSTEMPATH\Commands\Server\rewrite.php(47): require_once('FCPATH\\index.php')
CRITICAL - 2023-03-08 13:50:08 --> Undefined constant "BASEPATH"
in ROOTPATH\modules\Auth\Views\Layout\header.php on line 2.
 1 SYSTEMPATH\View\View.php(213): include()
 2 SYSTEMPATH\View\View.php(216): CodeIgniter\View\View->CodeIgniter\View\{closure}()
 3 SYSTEMPATH\Common.php(1184): CodeIgniter\View\View->render('Modules\\Auth\\Views\\Layout\\header', [], true)
 4 ROOTPATH\modules\Auth\Controllers\Login.php(12): view('Modules\\Auth\\Views\\Layout\\header')
 5 SYSTEMPATH\CodeIgniter.php(934): Modules\Auth\Controllers\Login->index()
 6 SYSTEMPATH\CodeIgniter.php(499): CodeIgniter\CodeIgniter->runController(Object(Modules\Auth\Controllers\Login))
 7 SYSTEMPATH\CodeIgniter.php(368): CodeIgniter\CodeIgniter->handleRequest(null, Object(Config\Cache), false)
 8 FCPATH\index.php(67): CodeIgniter\CodeIgniter->run()
 9 SYSTEMPATH\Commands\Server\rewrite.php(47): require_once('FCPATH\\index.php')
CRITICAL - 2023-03-08 14:01:03 --> Call to undefined function baseurl()
in ROOTPATH\modules\Auth\Views\Layout\header.php on line 1.
 1 SYSTEMPATH\View\View.php(213): include()
 2 SYSTEMPATH\View\View.php(216): CodeIgniter\View\View->CodeIgniter\View\{closure}()
 3 SYSTEMPATH\Common.php(1184): CodeIgniter\View\View->render('Modules\\Auth\\Views\\Layout\\header', [], true)
 4 ROOTPATH\modules\Auth\Controllers\Login.php(12): view('Modules\\Auth\\Views\\Layout\\header')
 5 SYSTEMPATH\CodeIgniter.php(934): Modules\Auth\Controllers\Login->index()
 6 SYSTEMPATH\CodeIgniter.php(499): CodeIgniter\CodeIgniter->runController(Object(Modules\Auth\Controllers\Login))
 7 SYSTEMPATH\CodeIgniter.php(368): CodeIgniter\CodeIgniter->handleRequest(null, Object(Config\Cache), false)
 8 FCPATH\index.php(67): CodeIgniter\CodeIgniter->run()
 9 SYSTEMPATH\Commands\Server\rewrite.php(47): require_once('FCPATH\\index.php')
CRITICAL - 2023-03-08 16:56:58 --> Undefined variable $baseURL
in ROOTPATH\modules\Auth\Views\Layout\header.php on line 3.
 1 ROOTPATH\modules\Auth\Views\Layout\header.php(3): CodeIgniter\Debug\Exceptions->errorHandler(2, 'Undefined variable $baseURL', 'ROOTPATH\\modules\\Auth\\Views\\Layout\\header.php', 3)
 2 SYSTEMPATH\View\View.php(213): include('ROOTPATH\\modules\\Auth\\Views\\Layout\\header.php')
 3 SYSTEMPATH\View\View.php(216): CodeIgniter\View\View->CodeIgniter\View\{closure}()
 4 SYSTEMPATH\Common.php(1184): CodeIgniter\View\View->render('Modules\\Auth\\Views\\Layout\\header', [], true)
 5 ROOTPATH\modules\Auth\Controllers\Login.php(12): view('Modules\\Auth\\Views\\Layout\\header')
 6 SYSTEMPATH\CodeIgniter.php(934): Modules\Auth\Controllers\Login->index()
 7 SYSTEMPATH\CodeIgniter.php(499): CodeIgniter\CodeIgniter->runController(Object(Modules\Auth\Controllers\Login))
 8 SYSTEMPATH\CodeIgniter.php(368): CodeIgniter\CodeIgniter->handleRequest(null, Object(Config\Cache), false)
 9 FCPATH\index.php(67): CodeIgniter\CodeIgniter->run()
10 SYSTEMPATH\Commands\Server\rewrite.php(47): require_once('FCPATH\\index.php')
