CRITICAL - 2025-08-20 12:22:25 --> syntax error, unexpected ';', expecting ']'
in ROOTPATH\modules\Auth\Controllers\Registration.php on line 56.
 1 SYSTEMPATH\Autoloader\Autoloader.php(289): CodeIgniter\Autoloader\Autoloader->includeFile('ROOTPATH\\modules\\Auth\\Controllers\\Registration.php')
 2 SYSTEMPATH\Autoloader\Autoloader.php(267): CodeIgniter\Autoloader\Autoloader->loadInNamespace('Modules\\Auth\\Controllers\\Registration')
 3 [internal function]: CodeIgniter\Autoloader\Autoloader->loadClass('Modules\\Auth\\Controllers\\Registration')
 4 [internal function]: spl_autoload_call('Modules\\Auth\\Controllers\\Registration')
 5 SYSTEMPATH\CodeIgniter.php(892): class_exists('\\Modules\\Auth\\Controllers\\Registration', true)
 6 SYSTEMPATH\CodeIgniter.php(486): CodeIgniter\CodeIgniter->startController()
 7 SYSTEMPATH\CodeIgniter.php(368): CodeIgniter\CodeIgniter->handleRequest(null, Object(Config\Cache), false)
 8 FCPATH\index.php(67): CodeIgniter\CodeIgniter->run()
ERROR - 2025-08-20 14:39:27 --> Email: Unable to send email using SMTP. Your server might not be configured to send mail using this method.
ERROR - 2025-08-20 14:39:27 --> 220 smtp.gmail.com ESMTP d9443c01a7336-245f374592fsm18856425ad.127 - gsmtp

hello: 250-smtp.gmail.com at your service, [123.201.155.136]
250-SIZE 35882577
250-8BITMIME
250-AUTH LOGIN PLAIN XOAUTH2 PLAIN-CLIENTTOKEN OAUTHBEARER XOAUTH
250-ENHANCEDSTATUSCODES
250-PIPELINING
250-CHUNKING
250 SMTPUTF8

from: 250 2.1.0 OK d9443c01a7336-245f374592fsm18856425ad.127 - gsmtp

to: 555-5.5.2 Syntax error, cannot decode response. For more information, go to
555-5.5.2  https://support.google.com/a/answer/3221692 and review RFC 5321
555 5.5.2 specifications. d9443c01a7336-245f374592fsm18856425ad.127 - gsmtp

The following SMTP error was encountered: 555-5.5.2 Syntax error, cannot decode response. For more information, go to
555-5.5.2  https://support.google.com/a/answer/3221692 and review RFC 5321
555 5.5.2 specifications. d9443c01a7336-245f374592fsm18856425ad.127 - gsmtp

quit: 221 2.0.0 closing connection d9443c01a7336-245f374592fsm18856425ad.127 - gsmtp

