CRITICAL - 2025-08-30 06:48:25 --> Argument 1 passed to App\validation\FirmRules::FirmUniqueEmail() must be of the type array, string given, called in D:\wamp64\www\clnc\vendor\codeigniter4\framework\system\Validation\Validation.php on line 312
in APPPATH\Validation\FirmRules.php on line 21.
 1 SYSTEMPATH\Validation\Validation.php(312): App\validation\FirmRules->FirmUniqueEmail('pendharkar3860@gmail.com', 'firmemail,firmid', [...], null, 'firmemail')
 2 SYSTEMPATH\Validation\Validation.php(170): CodeIgniter\Validation\Validation->processRules('firmemail', 'firmemail', 'pendharkar3860@gmail.com', [...], [...])
 3 SYSTEMPATH\Controller.php(140): CodeIgniter\Validation\Validation->run()
 4 ROOTPATH\modules\Admin\Controllers\firm.php(155): CodeIgniter\Controller->validate([...], [...])
 5 SYSTEMPATH\CodeIgniter.php(934): Modules\Admin\Controllers\Firm->UpdateFirm()
 6 SYSTEMPATH\CodeIgniter.php(499): CodeIgniter\CodeIgniter->runController(Object(Modules\Admin\Controllers\Firm))
 7 SYSTEMPATH\CodeIgniter.php(368): CodeIgniter\CodeIgniter->handleRequest(null, Object(Config\Cache), false)
 8 FCPATH\index.php(67): CodeIgniter\CodeIgniter->run()
CRITICAL - 2025-08-30 06:49:20 --> Argument 1 passed to App\validation\FirmRules::FirmUniqueEmail() must be of the type array, string given, called in D:\wamp64\www\clnc\vendor\codeigniter4\framework\system\Validation\Validation.php on line 312
in APPPATH\Validation\FirmRules.php on line 21.
 1 SYSTEMPATH\Validation\Validation.php(312): App\validation\FirmRules->FirmUniqueEmail('pendharkar3860@gmail.com', 'firmemail,firmid', [...], null, 'firmemail')
 2 SYSTEMPATH\Validation\Validation.php(170): CodeIgniter\Validation\Validation->processRules('firmemail', 'firmemail', 'pendharkar3860@gmail.com', [...], [...])
 3 SYSTEMPATH\Controller.php(140): CodeIgniter\Validation\Validation->run()
 4 ROOTPATH\modules\Admin\Controllers\firm.php(155): CodeIgniter\Controller->validate([...], [...])
 5 SYSTEMPATH\CodeIgniter.php(934): Modules\Admin\Controllers\Firm->UpdateFirm()
 6 SYSTEMPATH\CodeIgniter.php(499): CodeIgniter\CodeIgniter->runController(Object(Modules\Admin\Controllers\Firm))
 7 SYSTEMPATH\CodeIgniter.php(368): CodeIgniter\CodeIgniter->handleRequest(null, Object(Config\Cache), false)
 8 FCPATH\index.php(67): CodeIgniter\CodeIgniter->run()
CRITICAL - 2025-08-30 06:49:26 --> Argument 1 passed to App\validation\FirmRules::FirmUniqueEmail() must be of the type array, string given, called in D:\wamp64\www\clnc\vendor\codeigniter4\framework\system\Validation\Validation.php on line 312
in APPPATH\Validation\FirmRules.php on line 21.
 1 SYSTEMPATH\Validation\Validation.php(312): App\validation\FirmRules->FirmUniqueEmail('pendharkar3860@gmail.com', 'firmemail,firmid', [...], null, 'firmemail')
 2 SYSTEMPATH\Validation\Validation.php(170): CodeIgniter\Validation\Validation->processRules('firmemail', 'firmemail', 'pendharkar3860@gmail.com', [...], [...])
 3 SYSTEMPATH\Controller.php(140): CodeIgniter\Validation\Validation->run()
 4 ROOTPATH\modules\Admin\Controllers\firm.php(155): CodeIgniter\Controller->validate([...], [...])
 5 SYSTEMPATH\CodeIgniter.php(934): Modules\Admin\Controllers\Firm->UpdateFirm()
 6 SYSTEMPATH\CodeIgniter.php(499): CodeIgniter\CodeIgniter->runController(Object(Modules\Admin\Controllers\Firm))
 7 SYSTEMPATH\CodeIgniter.php(368): CodeIgniter\CodeIgniter->handleRequest(null, Object(Config\Cache), false)
 8 FCPATH\index.php(67): CodeIgniter\CodeIgniter->run()
CRITICAL - 2025-08-30 06:51:05 --> Argument 1 passed to App\validation\FirmRules::FirmUniqueEmail() must be of the type array, string given, called in D:\wamp64\www\clnc\vendor\codeigniter4\framework\system\Validation\Validation.php on line 312
in APPPATH\Validation\FirmRules.php on line 21.
 1 SYSTEMPATH\Validation\Validation.php(312): App\validation\FirmRules->FirmUniqueEmail('pendharkar3860@gmail.com', 'firmemail,firmid', [...], null, 'firmemail')
 2 SYSTEMPATH\Validation\Validation.php(170): CodeIgniter\Validation\Validation->processRules('firmemail', 'firmemail', 'pendharkar3860@gmail.com', [...], [...])
 3 SYSTEMPATH\Controller.php(140): CodeIgniter\Validation\Validation->run()
 4 ROOTPATH\modules\Admin\Controllers\firm.php(155): CodeIgniter\Controller->validate([...], [...])
 5 SYSTEMPATH\CodeIgniter.php(934): Modules\Admin\Controllers\Firm->UpdateFirm()
 6 SYSTEMPATH\CodeIgniter.php(499): CodeIgniter\CodeIgniter->runController(Object(Modules\Admin\Controllers\Firm))
 7 SYSTEMPATH\CodeIgniter.php(368): CodeIgniter\CodeIgniter->handleRequest(null, Object(Config\Cache), false)
 8 FCPATH\index.php(67): CodeIgniter\CodeIgniter->run()
CRITICAL - 2025-08-30 06:51:16 --> Argument 1 passed to App\validation\FirmRules::FirmUniqueEmail() must be of the type array, string given, called in D:\wamp64\www\clnc\vendor\codeigniter4\framework\system\Validation\Validation.php on line 312
in APPPATH\Validation\FirmRules.php on line 21.
 1 SYSTEMPATH\Validation\Validation.php(312): App\validation\FirmRules->FirmUniqueEmail('pendharkar3860@gmail.com', 'firmemail,firmid', [...], null, 'firmemail')
 2 SYSTEMPATH\Validation\Validation.php(170): CodeIgniter\Validation\Validation->processRules('firmemail', 'firmemail', 'pendharkar3860@gmail.com', [...], [...])
 3 SYSTEMPATH\Controller.php(140): CodeIgniter\Validation\Validation->run()
 4 ROOTPATH\modules\Admin\Controllers\firm.php(155): CodeIgniter\Controller->validate([...], [...])
 5 SYSTEMPATH\CodeIgniter.php(934): Modules\Admin\Controllers\Firm->UpdateFirm()
 6 SYSTEMPATH\CodeIgniter.php(499): CodeIgniter\CodeIgniter->runController(Object(Modules\Admin\Controllers\Firm))
 7 SYSTEMPATH\CodeIgniter.php(368): CodeIgniter\CodeIgniter->handleRequest(null, Object(Config\Cache), false)
 8 FCPATH\index.php(67): CodeIgniter\CodeIgniter->run()
CRITICAL - 2025-08-30 06:51:34 --> Argument 1 passed to App\validation\FirmRules::FirmUniqueEmail() must be of the type array, string given, called in D:\wamp64\www\clnc\vendor\codeigniter4\framework\system\Validation\Validation.php on line 312
in APPPATH\Validation\FirmRules.php on line 21.
 1 SYSTEMPATH\Validation\Validation.php(312): App\validation\FirmRules->FirmUniqueEmail('pendharkar3860@gmail.com', 'firmemail,firmid', [...], null, 'firmemail')
 2 SYSTEMPATH\Validation\Validation.php(170): CodeIgniter\Validation\Validation->processRules('firmemail', 'firmemail', 'pendharkar3860@gmail.com', [...], [...])
 3 SYSTEMPATH\Controller.php(140): CodeIgniter\Validation\Validation->run()
 4 ROOTPATH\modules\Admin\Controllers\firm.php(155): CodeIgniter\Controller->validate([...], [...])
 5 SYSTEMPATH\CodeIgniter.php(934): Modules\Admin\Controllers\Firm->UpdateFirm()
 6 SYSTEMPATH\CodeIgniter.php(499): CodeIgniter\CodeIgniter->runController(Object(Modules\Admin\Controllers\Firm))
 7 SYSTEMPATH\CodeIgniter.php(368): CodeIgniter\CodeIgniter->handleRequest(null, Object(Config\Cache), false)
 8 FCPATH\index.php(67): CodeIgniter\CodeIgniter->run()
CRITICAL - 2025-08-30 07:04:57 --> Argument 1 passed to App\validation\FirmRules::FirmUniqueEmail() must be of the type array, string given, called in D:\wamp64\www\clnc\vendor\codeigniter4\framework\system\Validation\Validation.php on line 312
in APPPATH\Validation\FirmRules.php on line 21.
 1 SYSTEMPATH\Validation\Validation.php(312): App\validation\FirmRules->FirmUniqueEmail('pendharkar3860@gmail.com', 'firmemail,firmid', [...], null, 'firmemail')
 2 SYSTEMPATH\Validation\Validation.php(170): CodeIgniter\Validation\Validation->processRules('firmemail', 'firmemail', 'pendharkar3860@gmail.com', [...], [...])
 3 SYSTEMPATH\Controller.php(140): CodeIgniter\Validation\Validation->run()
 4 ROOTPATH\modules\Admin\Controllers\firm.php(155): CodeIgniter\Controller->validate([...], [...])
 5 SYSTEMPATH\CodeIgniter.php(934): Modules\Admin\Controllers\Firm->UpdateFirm()
 6 SYSTEMPATH\CodeIgniter.php(499): CodeIgniter\CodeIgniter->runController(Object(Modules\Admin\Controllers\Firm))
 7 SYSTEMPATH\CodeIgniter.php(368): CodeIgniter\CodeIgniter->handleRequest(null, Object(Config\Cache), false)
 8 FCPATH\index.php(67): CodeIgniter\CodeIgniter->run()
CRITICAL - 2025-08-30 13:55:12 --> Call to undefined function emtpy()
in ROOTPATH\modules\Admin\Views\Layout\sidebar.php on line 9.
 1 SYSTEMPATH\View\View.php(213): include()
 2 SYSTEMPATH\View\View.php(216): CodeIgniter\View\View->CodeIgniter\View\{closure}()
 3 SYSTEMPATH\Common.php(1184): CodeIgniter\View\View->render('Modules\\Admin\\Views\\Layout\\sidebar', [], true)
 4 ROOTPATH\modules\Admin\Controllers\firm.php(39): view('Modules\\Admin\\Views\\Layout\\sidebar', [...])
 5 SYSTEMPATH\CodeIgniter.php(934): Modules\Admin\Controllers\Firm->index()
 6 SYSTEMPATH\CodeIgniter.php(499): CodeIgniter\CodeIgniter->runController(Object(Modules\Admin\Controllers\Firm))
 7 SYSTEMPATH\CodeIgniter.php(368): CodeIgniter\CodeIgniter->handleRequest(null, Object(Config\Cache), false)
 8 FCPATH\index.php(67): CodeIgniter\CodeIgniter->run()
CRITICAL - 2025-08-30 13:56:05 --> Call to undefined function emtpy()
in ROOTPATH\modules\Admin\Views\Layout\sidebar.php on line 9.
 1 SYSTEMPATH\View\View.php(213): include()
 2 SYSTEMPATH\View\View.php(216): CodeIgniter\View\View->CodeIgniter\View\{closure}()
 3 SYSTEMPATH\Common.php(1184): CodeIgniter\View\View->render('Modules\\Admin\\Views\\Layout\\sidebar', [], true)
 4 ROOTPATH\modules\Admin\Controllers\firm.php(39): view('Modules\\Admin\\Views\\Layout\\sidebar', [...])
 5 SYSTEMPATH\CodeIgniter.php(934): Modules\Admin\Controllers\Firm->index()
 6 SYSTEMPATH\CodeIgniter.php(499): CodeIgniter\CodeIgniter->runController(Object(Modules\Admin\Controllers\Firm))
 7 SYSTEMPATH\CodeIgniter.php(368): CodeIgniter\CodeIgniter->handleRequest(null, Object(Config\Cache), false)
 8 FCPATH\index.php(67): CodeIgniter\CodeIgniter->run()
CRITICAL - 2025-08-30 13:56:06 --> Call to undefined function emtpy()
in ROOTPATH\modules\Admin\Views\Layout\sidebar.php on line 9.
 1 SYSTEMPATH\View\View.php(213): include()
 2 SYSTEMPATH\View\View.php(216): CodeIgniter\View\View->CodeIgniter\View\{closure}()
 3 SYSTEMPATH\Common.php(1184): CodeIgniter\View\View->render('Modules\\Admin\\Views\\Layout\\sidebar', [], true)
 4 ROOTPATH\modules\Admin\Controllers\firm.php(39): view('Modules\\Admin\\Views\\Layout\\sidebar', [...])
 5 SYSTEMPATH\CodeIgniter.php(934): Modules\Admin\Controllers\Firm->index()
 6 SYSTEMPATH\CodeIgniter.php(499): CodeIgniter\CodeIgniter->runController(Object(Modules\Admin\Controllers\Firm))
 7 SYSTEMPATH\CodeIgniter.php(368): CodeIgniter\CodeIgniter->handleRequest(null, Object(Config\Cache), false)
 8 FCPATH\index.php(67): CodeIgniter\CodeIgniter->run()
