CRITICAL - 2023-03-07 02:48:40 --> Undefined property: Modules\Auth\Controllers\Login::$load
in ROOTPATH\modules\Auth\Controllers\Login.php on line 12.
 1 ROOTPATH\modules\Auth\Controllers\Login.php(12): CodeIgniter\Debug\Exceptions->errorHandler(2, 'Undefined property: Modules\\Auth\\Controllers\\Login::$load', 'ROOTPATH\\modules\\Auth\\Controllers\\Login.php', 12)
 2 SYSTEMPATH\CodeIgniter.php(934): Modules\Auth\Controllers\Login->index()
 3 SYSTEMPATH\CodeIgniter.php(499): CodeIgniter\CodeIgniter->runController(Object(Modules\Auth\Controllers\Login))
 4 SYSTEMPATH\CodeIgniter.php(368): CodeIgniter\CodeIgniter->handleRequest(null, Object(Config\Cache), false)
 5 FCPATH\index.php(67): CodeIgniter\CodeIgniter->run()
 6 SYSTEMPATH\Commands\Server\rewrite.php(47): require_once('FCPATH\\index.php')
CRITICAL - 2023-03-07 02:49:02 --> Undefined property: Modules\Auth\Controllers\Login::$load
in ROOTPATH\modules\Auth\Controllers\Login.php on line 13.
 1 ROOTPATH\modules\Auth\Controllers\Login.php(13): CodeIgniter\Debug\Exceptions->errorHandler(2, 'Undefined property: Modules\\Auth\\Controllers\\Login::$load', 'ROOTPATH\\modules\\Auth\\Controllers\\Login.php', 13)
 2 SYSTEMPATH\CodeIgniter.php(934): Modules\Auth\Controllers\Login->index()
 3 SYSTEMPATH\CodeIgniter.php(499): CodeIgniter\CodeIgniter->runController(Object(Modules\Auth\Controllers\Login))
 4 SYSTEMPATH\CodeIgniter.php(368): CodeIgniter\CodeIgniter->handleRequest(null, Object(Config\Cache), false)
 5 FCPATH\index.php(67): CodeIgniter\CodeIgniter->run()
 6 SYSTEMPATH\Commands\Server\rewrite.php(47): require_once('FCPATH\\index.php')
CRITICAL - 2023-03-07 02:49:04 --> Undefined property: Modules\Auth\Controllers\Login::$load
in ROOTPATH\modules\Auth\Controllers\Login.php on line 13.
 1 ROOTPATH\modules\Auth\Controllers\Login.php(13): CodeIgniter\Debug\Exceptions->errorHandler(2, 'Undefined property: Modules\\Auth\\Controllers\\Login::$load', 'ROOTPATH\\modules\\Auth\\Controllers\\Login.php', 13)
 2 SYSTEMPATH\CodeIgniter.php(934): Modules\Auth\Controllers\Login->index()
 3 SYSTEMPATH\CodeIgniter.php(499): CodeIgniter\CodeIgniter->runController(Object(Modules\Auth\Controllers\Login))
 4 SYSTEMPATH\CodeIgniter.php(368): CodeIgniter\CodeIgniter->handleRequest(null, Object(Config\Cache), false)
 5 FCPATH\index.php(67): CodeIgniter\CodeIgniter->run()
 6 SYSTEMPATH\Commands\Server\rewrite.php(47): require_once('FCPATH\\index.php')
CRITICAL - 2023-03-07 02:56:21 --> Undefined property: Modules\Auth\Controllers\Login::$load
in ROOTPATH\modules\Auth\Controllers\Login.php on line 13.
 1 ROOTPATH\modules\Auth\Controllers\Login.php(13): CodeIgniter\Debug\Exceptions->errorHandler(2, 'Undefined property: Modules\\Auth\\Controllers\\Login::$load', 'ROOTPATH\\modules\\Auth\\Controllers\\Login.php', 13)
 2 SYSTEMPATH\CodeIgniter.php(934): Modules\Auth\Controllers\Login->index()
 3 SYSTEMPATH\CodeIgniter.php(499): CodeIgniter\CodeIgniter->runController(Object(Modules\Auth\Controllers\Login))
 4 SYSTEMPATH\CodeIgniter.php(368): CodeIgniter\CodeIgniter->handleRequest(null, Object(Config\Cache), false)
 5 FCPATH\index.php(67): CodeIgniter\CodeIgniter->run()
 6 SYSTEMPATH\Commands\Server\rewrite.php(47): require_once('FCPATH\\index.php')
CRITICAL - 2023-03-07 02:56:22 --> Undefined property: Modules\Auth\Controllers\Login::$load
in ROOTPATH\modules\Auth\Controllers\Login.php on line 13.
 1 ROOTPATH\modules\Auth\Controllers\Login.php(13): CodeIgniter\Debug\Exceptions->errorHandler(2, 'Undefined property: Modules\\Auth\\Controllers\\Login::$load', 'ROOTPATH\\modules\\Auth\\Controllers\\Login.php', 13)
 2 SYSTEMPATH\CodeIgniter.php(934): Modules\Auth\Controllers\Login->index()
 3 SYSTEMPATH\CodeIgniter.php(499): CodeIgniter\CodeIgniter->runController(Object(Modules\Auth\Controllers\Login))
 4 SYSTEMPATH\CodeIgniter.php(368): CodeIgniter\CodeIgniter->handleRequest(null, Object(Config\Cache), false)
 5 FCPATH\index.php(67): CodeIgniter\CodeIgniter->run()
 6 SYSTEMPATH\Commands\Server\rewrite.php(47): require_once('FCPATH\\index.php')
